<?xml version="1.0" encoding="UTF-8"?>
<!-- Generated by org.testng.reporters.JUnitXMLReporter -->
<testsuite ignored="4" hostname="DESKTOP-FGUCRA2" failures="0" tests="1" name="Default test" time="23.425" errors="0" timestamp="2023-02-10T10:41:17 IST">
  <testcase classname="com.ab.testLayer.RegistrationPageTest" name="RegisterwithcorrectCredentials1" time="13.143"/>
  <testcase classname="com.ab.testLayer.RegistrationPageTest" name="Registerwithblankemail" time="0.0">
    <ignored/>
  </testcase> <!-- Registerwithblankemail -->
  <testcase classname="com.ab.testLayer.RegistrationPageTest" name="RegisterwithCorrectCredentials" time="0.0">
    <ignored/>
  </testcase> <!-- RegisterwithCorrectCredentials -->
  <testcase classname="com.ab.testLayer.RegistrationPageTest" name="RegisterwithIncorrectCredentials" time="0.0">
    <ignored/>
  </testcase> <!-- RegisterwithIncorrectCredentials -->
  <testcase classname="com.ab.testLayer.RegistrationPageTest" name="RegisterwithIncorrectgmail" time="0.0">
    <ignored/>
  </testcase> <!-- RegisterwithIncorrectgmail -->
</testsuite> <!-- Default test -->
