<?xml version="1.0" encoding="UTF-8"?>
<testng-results ignored="4" total="5" passed="1" failed="0" skipped="0">
  <reporter-output>
  </reporter-output>
  <suite started-at="2023-02-10T10:40:54 IST" name="Default suite" finished-at="2023-02-10T10:41:17 IST" duration-ms="23425">
    <groups>
    </groups>
    <test started-at="2023-02-10T10:40:54 IST" name="Default test" finished-at="2023-02-10T10:41:17 IST" duration-ms="23425">
      <class name="com.ab.testLayer.RegistrationPageTest">
        <test-method is-config="true" signature="start()[pri:0, instance:com.ab.testLayer.RegistrationPageTest@4f6ee6e4]" started-at="2023-02-10T10:40:54 IST" name="start" finished-at="2023-02-10T10:40:54 IST" duration-ms="331" status="PASS">
          <reporter-output>
          </reporter-output>
        </test-method> <!-- start -->
        <test-method is-config="true" signature="launchApplication()[pri:0, instance:com.ab.testLayer.RegistrationPageTest@4f6ee6e4]" started-at="2023-02-10T10:40:54 IST" name="launchApplication" finished-at="2023-02-10T10:41:04 IST" duration-ms="9856" status="PASS">
          <reporter-output>
          </reporter-output>
        </test-method> <!-- launchApplication -->
        <test-method signature="RegisterwithcorrectCredentials1()[pri:0, instance:com.ab.testLayer.RegistrationPageTest@4f6ee6e4]" started-at="2023-02-10T10:41:04 IST" name="RegisterwithcorrectCredentials1" finished-at="2023-02-10T10:41:17 IST" duration-ms="13143" status="PASS">
          <reporter-output>
          </reporter-output>
        </test-method> <!-- RegisterwithcorrectCredentials1 -->
        <test-method is-config="true" signature="tearDown()[pri:0, instance:com.ab.testLayer.RegistrationPageTest@4f6ee6e4]" started-at="2023-02-10T10:41:17 IST" name="tearDown" finished-at="2023-02-10T10:41:17 IST" duration-ms="1" status="PASS">
          <reporter-output>
          </reporter-output>
        </test-method> <!-- tearDown -->
        <test-method is-config="true" signature="end()[pri:0, instance:com.ab.testLayer.RegistrationPageTest@4f6ee6e4]" started-at="2023-02-10T10:41:17 IST" name="end" finished-at="2023-02-10T10:41:17 IST" duration-ms="2" status="PASS">
          <reporter-output>
          </reporter-output>
        </test-method> <!-- end -->
      </class> <!-- com.ab.testLayer.RegistrationPageTest -->
    </test> <!-- Default test -->
  </suite> <!-- Default suite -->
</testng-results>
